2025-10-12 13:26:43.322 [main] INFO  c.u.bookstore.chain.DiscountApprovalService - Processing discount request:
2025-10-12 13:26:43.323 [main] INFO  c.u.bookstore.chain.DiscountApprovalService - Material: Java Guide
2025-10-12 13:26:43.324 [main] INFO  c.u.bookstore.chain.DiscountApprovalService - Requested discount: 0.1%
2025-10-12 13:26:43.324 [main] INFO  c.u.bookstore.chain.DiscountApprovalService - Customer: C001
2025-10-12 13:26:43.324 [main] INFO  c.u.bookstore.chain.DiscountApprovalService - Reason: Student discount
2025-10-12 13:26:43.324 [main] INFO  c.u.bookstore.chain.DiscountApprovalService - ---
2025-10-12 13:26:43.324 [main] INFO  com.university.bookstore.chain.ManagerHandler - Manager approved 0.1% discount for Java Guide
2025-10-12 13:26:43.324 [main] INFO  c.u.bookstore.chain.DiscountApprovalService - // [OK] APPROVED by Manager
2025-10-12 13:26:43.324 [main] INFO  c.u.bookstore.chain.DiscountApprovalService - Final price: $35.94
2025-10-12 13:26:43.324 [main] INFO  c.u.bookstore.chain.DiscountApprovalService - Savings: $0.04
2025-10-12 13:26:43.328 [main] INFO  c.university.bookstore.observer.InventoryObserver - Inventory updated: E001 count: 1
2025-10-12 13:26:43.329 [main] INFO  c.university.bookstore.observer.InventoryObserver - Price changed for Test EBook: $29.99 -> $24.99
2025-10-12 13:26:43.330 [main] INFO  c.u.bookstore.chain.DiscountApprovalService - Processing discount request:
2025-10-12 13:26:43.330 [main] INFO  c.u.bookstore.chain.DiscountApprovalService - Material: Test EBook
2025-10-12 13:26:43.330 [main] INFO  c.u.bookstore.chain.DiscountApprovalService - Requested discount: 10.0%
2025-10-12 13:26:43.330 [main] INFO  c.u.bookstore.chain.DiscountApprovalService - Customer: C001
2025-10-12 13:26:43.330 [main] INFO  c.u.bookstore.chain.DiscountApprovalService - Reason: Student discount
2025-10-12 13:26:43.330 [main] INFO  c.u.bookstore.chain.DiscountApprovalService - ---
2025-10-12 13:26:43.330 [main] INFO  com.university.bookstore.chain.ManagerHandler - Manager approved 10.0% discount for Test EBook
2025-10-12 13:26:43.330 [main] INFO  c.u.bookstore.chain.DiscountApprovalService - // [OK] APPROVED by Manager
2025-10-12 13:26:43.330 [main] INFO  c.u.bookstore.chain.DiscountApprovalService - Final price: $90.00
2025-10-12 13:26:43.330 [main] INFO  c.u.bookstore.chain.DiscountApprovalService - Savings: $10.00
2025-10-12 13:26:43.330 [main] INFO  c.u.bookstore.chain.DiscountApprovalService - Processing discount request:
2025-10-12 13:26:43.330 [main] INFO  c.u.bookstore.chain.DiscountApprovalService - Material: Test EBook
2025-10-12 13:26:43.330 [main] INFO  c.u.bookstore.chain.DiscountApprovalService - Requested discount: 20.0%
2025-10-12 13:26:43.330 [main] INFO  c.u.bookstore.chain.DiscountApprovalService - Customer: C002
2025-10-12 13:26:43.330 [main] INFO  c.u.bookstore.chain.DiscountApprovalService - Reason: Bulk purchase
2025-10-12 13:26:43.330 [main] INFO  c.u.bookstore.chain.DiscountApprovalService - ---
2025-10-12 13:26:43.330 [main] INFO  com.university.bookstore.chain.ManagerHandler - Manager cannot approve discount > 15.0%. Passing to Director.
2025-10-12 13:26:43.330 [main] INFO  com.university.bookstore.chain.DirectorHandler - Director approved 20.0% discount for Test EBook
2025-10-12 13:26:43.330 [main] INFO  c.u.bookstore.chain.DiscountApprovalService - // [OK] APPROVED by Director
2025-10-12 13:26:43.330 [main] INFO  c.u.bookstore.chain.DiscountApprovalService - Final price: $80.00
2025-10-12 13:26:43.331 [main] INFO  c.u.bookstore.chain.DiscountApprovalService - Savings: $20.00
2025-10-12 13:26:43.331 [main] INFO  c.u.bookstore.chain.DiscountApprovalService - Processing discount request:
2025-10-12 13:26:43.331 [main] INFO  c.u.bookstore.chain.DiscountApprovalService - Material: Test EBook
2025-10-12 13:26:43.331 [main] INFO  c.u.bookstore.chain.DiscountApprovalService - Requested discount: 35.0%
2025-10-12 13:26:43.331 [main] INFO  c.u.bookstore.chain.DiscountApprovalService - Customer: C003
2025-10-12 13:26:43.331 [main] INFO  c.u.bookstore.chain.DiscountApprovalService - Reason: Special promotion
2025-10-12 13:26:43.331 [main] INFO  c.u.bookstore.chain.DiscountApprovalService - ---
2025-10-12 13:26:43.331 [main] INFO  com.university.bookstore.chain.ManagerHandler - Manager cannot approve discount > 15.0%. Passing to Director.
2025-10-12 13:26:43.331 [main] INFO  com.university.bookstore.chain.DirectorHandler - Director cannot approve discount > 25.0%. Passing to VP.
2025-10-12 13:26:43.331 [main] INFO  com.university.bookstore.chain.VPHandler - VP approved 35.0% discount for Test EBook
2025-10-12 13:26:43.331 [main] INFO  c.u.bookstore.chain.DiscountApprovalService - // [OK] APPROVED by VP
2025-10-12 13:26:43.331 [main] INFO  c.u.bookstore.chain.DiscountApprovalService - Final price: $65.00
2025-10-12 13:26:43.331 [main] INFO  c.u.bookstore.chain.DiscountApprovalService - Savings: $35.00
2025-10-12 13:26:43.331 [main] INFO  c.u.bookstore.chain.DiscountApprovalService - Processing discount request:
2025-10-12 13:26:43.331 [main] INFO  c.u.bookstore.chain.DiscountApprovalService - Material: Test EBook
2025-10-12 13:26:43.331 [main] INFO  c.u.bookstore.chain.DiscountApprovalService - Requested discount: 50.0%
2025-10-12 13:26:43.331 [main] INFO  c.u.bookstore.chain.DiscountApprovalService - Customer: C004
2025-10-12 13:26:43.331 [main] INFO  c.u.bookstore.chain.DiscountApprovalService - Reason: Too high discount
2025-10-12 13:26:43.331 [main] INFO  c.u.bookstore.chain.DiscountApprovalService - ---
2025-10-12 13:26:43.331 [main] INFO  com.university.bookstore.chain.ManagerHandler - Manager cannot approve discount > 15.0%. Passing to Director.
2025-10-12 13:26:43.331 [main] INFO  com.university.bookstore.chain.DirectorHandler - Director cannot approve discount > 25.0%. Passing to VP.
2025-10-12 13:26:43.331 [main] INFO  com.university.bookstore.chain.VPHandler - VP rejected discount > 40.0%
2025-10-12 13:26:43.331 [main] INFO  c.u.bookstore.chain.DiscountApprovalService - [X] REJECTED: Discount too high - exceeds VP approval limit
2025-10-12 13:26:43.338 [main] INFO  c.university.bookstore.observer.InventoryObserver - Inventory updated: 9781111111111 count: 1
2025-10-12 13:26:43.338 [main] INFO  c.university.bookstore.observer.InventoryObserver - Inventory updated: 9782222222222 count: 1
2025-10-12 13:26:43.338 [main] INFO  c.university.bookstore.observer.InventoryObserver - Inventory updated: 9781234567890 count: 1
2025-10-12 13:26:43.339 [main] INFO  c.university.bookstore.observer.InventoryObserver - Inventory updated: 9781234567890 count: 1
2025-10-12 13:26:43.339 [main] INFO  c.university.bookstore.observer.InventoryObserver - Inventory updated: 9781234567890 count: 1
2025-10-12 13:26:43.339 [main] INFO  c.university.bookstore.observer.InventoryObserver - Price changed for Test Book: $29.99 -> $34.99
2025-10-12 13:26:43.340 [main] INFO  c.university.bookstore.observer.InventoryObserver - Price changed for Test Book: $29.99 -> $34.99
2025-10-12 13:26:43.340 [main] INFO  c.university.bookstore.observer.InventoryObserver - Price changed for Test Book: $34.99 -> $39.99
2025-10-12 13:26:43.340 [main] INFO  c.university.bookstore.observer.InventoryObserver - Inventory updated: 9781234567890 count: 1
2025-10-12 13:26:43.340 [main] INFO  c.university.bookstore.observer.InventoryObserver - Price changed for Test Book: $29.99 -> $39.99
2025-10-12 13:26:43.341 [main] INFO  c.university.bookstore.observer.InventoryObserver - Inventory updated: 9781111111111 count: 1
2025-10-12 13:26:43.341 [main] INFO  c.university.bookstore.observer.InventoryObserver - Inventory updated: 9781111111111 count: 1
2025-10-12 13:26:43.341 [main] INFO  c.university.bookstore.observer.InventoryObserver - Inventory updated: E001 count: 1
2025-10-12 13:26:43.342 [main] INFO  c.university.bookstore.observer.InventoryObserver - Inventory updated: 9781234567890 count: 1
2025-10-12 13:26:43.342 [main] INFO  c.university.bookstore.observer.InventoryObserver - Inventory updated: 9781234567890 count: 1
2025-10-12 13:26:43.342 [main] INFO  c.university.bookstore.observer.InventoryObserver - Inventory updated: 9780000000000 count: 1
2025-10-12 13:26:43.342 [main] INFO  c.university.bookstore.observer.InventoryObserver - Inventory updated: 9780000000001 count: 1
2025-10-12 13:26:43.342 [main] INFO  c.university.bookstore.observer.InventoryObserver - Inventory updated: 9780000000002 count: 1
2025-10-12 13:26:43.342 [main] INFO  c.university.bookstore.observer.InventoryObserver - Inventory updated: 9780000000003 count: 1
2025-10-12 13:26:43.342 [main] INFO  c.university.bookstore.observer.InventoryObserver - Inventory updated: 9780000000004 count: 1
2025-10-12 13:26:43.343 [main] INFO  c.university.bookstore.observer.InventoryObserver - Inventory updated: 9781111111111 count: 1
2025-10-12 13:26:43.343 [main] INFO  c.university.bookstore.observer.InventoryObserver - Inventory updated: 9782222222222 count: 1
2025-10-12 13:26:43.343 [main] INFO  c.university.bookstore.observer.InventoryObserver - Inventory updated: 9781111111111 count: 1
2025-10-12 13:26:43.343 [main] INFO  c.university.bookstore.observer.InventoryObserver - Inventory updated: 9782222222222 count: 1
2025-10-12 13:26:43.767 [main] INFO  c.u.bookstore.controller.MaterialControllerTest - Starting MaterialControllerTest using Java 24.0.2 with PID 73239 (started by navid in /Users/navid/Downloads/lab4_codes)
2025-10-12 13:26:43.767 [main] INFO  c.u.bookstore.controller.MaterialControllerTest - No active profile set, falling back to 1 default profile: "default"
2025-10-12 13:26:44.453 [main] INFO  o.s.b.test.mock.web.SpringBootMockServletContext - Initializing Spring TestDispatcherServlet ''
2025-10-12 13:26:44.453 [main] INFO  o.s.test.web.servlet.TestDispatcherServlet - Initializing Servlet ''
2025-10-12 13:26:44.454 [main] INFO  o.s.test.web.servlet.TestDispatcherServlet - Completed initialization in 1 ms
2025-10-12 13:26:44.464 [main] INFO  c.u.bookstore.controller.MaterialControllerTest - Started MaterialControllerTest in 0.917 seconds (process running for 2.837)
2025-10-12 13:27:08.900 [main] INFO  c.u.bookstore.chain.DiscountApprovalService - Processing discount request:
2025-10-12 13:27:08.901 [main] INFO  c.u.bookstore.chain.DiscountApprovalService - Material: Java Guide
2025-10-12 13:27:08.902 [main] INFO  c.u.bookstore.chain.DiscountApprovalService - Requested discount: 0.1%
2025-10-12 13:27:08.902 [main] INFO  c.u.bookstore.chain.DiscountApprovalService - Customer: C001
2025-10-12 13:27:08.902 [main] INFO  c.u.bookstore.chain.DiscountApprovalService - Reason: Student discount
2025-10-12 13:27:08.902 [main] INFO  c.u.bookstore.chain.DiscountApprovalService - ---
2025-10-12 13:27:08.902 [main] INFO  com.university.bookstore.chain.ManagerHandler - Manager approved 0.1% discount for Java Guide
2025-10-12 13:27:08.902 [main] INFO  c.u.bookstore.chain.DiscountApprovalService - // [OK] APPROVED by Manager
2025-10-12 13:27:08.903 [main] INFO  c.u.bookstore.chain.DiscountApprovalService - Final price: $35.94
2025-10-12 13:27:08.903 [main] INFO  c.u.bookstore.chain.DiscountApprovalService - Savings: $0.04
2025-10-12 13:27:08.907 [main] INFO  c.university.bookstore.observer.InventoryObserver - Inventory updated: E001 count: 1
2025-10-12 13:27:08.908 [main] INFO  c.university.bookstore.observer.InventoryObserver - Price changed for Test EBook: $29.99 -> $24.99
2025-10-12 13:27:08.908 [main] INFO  c.u.bookstore.chain.DiscountApprovalService - Processing discount request:
2025-10-12 13:27:08.908 [main] INFO  c.u.bookstore.chain.DiscountApprovalService - Material: Test EBook
2025-10-12 13:27:08.908 [main] INFO  c.u.bookstore.chain.DiscountApprovalService - Requested discount: 10.0%
2025-10-12 13:27:08.908 [main] INFO  c.u.bookstore.chain.DiscountApprovalService - Customer: C001
2025-10-12 13:27:08.908 [main] INFO  c.u.bookstore.chain.DiscountApprovalService - Reason: Student discount
2025-10-12 13:27:08.908 [main] INFO  c.u.bookstore.chain.DiscountApprovalService - ---
2025-10-12 13:27:08.908 [main] INFO  com.university.bookstore.chain.ManagerHandler - Manager approved 10.0% discount for Test EBook
2025-10-12 13:27:08.908 [main] INFO  c.u.bookstore.chain.DiscountApprovalService - // [OK] APPROVED by Manager
2025-10-12 13:27:08.908 [main] INFO  c.u.bookstore.chain.DiscountApprovalService - Final price: $90.00
2025-10-12 13:27:08.908 [main] INFO  c.u.bookstore.chain.DiscountApprovalService - Savings: $10.00
2025-10-12 13:27:08.909 [main] INFO  c.u.bookstore.chain.DiscountApprovalService - Processing discount request:
2025-10-12 13:27:08.909 [main] INFO  c.u.bookstore.chain.DiscountApprovalService - Material: Test EBook
2025-10-12 13:27:08.909 [main] INFO  c.u.bookstore.chain.DiscountApprovalService - Requested discount: 20.0%
2025-10-12 13:27:08.909 [main] INFO  c.u.bookstore.chain.DiscountApprovalService - Customer: C002
2025-10-12 13:27:08.909 [main] INFO  c.u.bookstore.chain.DiscountApprovalService - Reason: Bulk purchase
2025-10-12 13:27:08.909 [main] INFO  c.u.bookstore.chain.DiscountApprovalService - ---
2025-10-12 13:27:08.909 [main] INFO  com.university.bookstore.chain.ManagerHandler - Manager cannot approve discount > 15.0%. Passing to Director.
2025-10-12 13:27:08.909 [main] INFO  com.university.bookstore.chain.DirectorHandler - Director approved 20.0% discount for Test EBook
2025-10-12 13:27:08.909 [main] INFO  c.u.bookstore.chain.DiscountApprovalService - // [OK] APPROVED by Director
2025-10-12 13:27:08.909 [main] INFO  c.u.bookstore.chain.DiscountApprovalService - Final price: $80.00
2025-10-12 13:27:08.909 [main] INFO  c.u.bookstore.chain.DiscountApprovalService - Savings: $20.00
2025-10-12 13:27:08.909 [main] INFO  c.u.bookstore.chain.DiscountApprovalService - Processing discount request:
2025-10-12 13:27:08.909 [main] INFO  c.u.bookstore.chain.DiscountApprovalService - Material: Test EBook
2025-10-12 13:27:08.909 [main] INFO  c.u.bookstore.chain.DiscountApprovalService - Requested discount: 35.0%
2025-10-12 13:27:08.909 [main] INFO  c.u.bookstore.chain.DiscountApprovalService - Customer: C003
2025-10-12 13:27:08.909 [main] INFO  c.u.bookstore.chain.DiscountApprovalService - Reason: Special promotion
2025-10-12 13:27:08.909 [main] INFO  c.u.bookstore.chain.DiscountApprovalService - ---
2025-10-12 13:27:08.909 [main] INFO  com.university.bookstore.chain.ManagerHandler - Manager cannot approve discount > 15.0%. Passing to Director.
2025-10-12 13:27:08.909 [main] INFO  com.university.bookstore.chain.DirectorHandler - Director cannot approve discount > 25.0%. Passing to VP.
2025-10-12 13:27:08.909 [main] INFO  com.university.bookstore.chain.VPHandler - VP approved 35.0% discount for Test EBook
2025-10-12 13:27:08.909 [main] INFO  c.u.bookstore.chain.DiscountApprovalService - // [OK] APPROVED by VP
2025-10-12 13:27:08.909 [main] INFO  c.u.bookstore.chain.DiscountApprovalService - Final price: $65.00
2025-10-12 13:27:08.909 [main] INFO  c.u.bookstore.chain.DiscountApprovalService - Savings: $35.00
2025-10-12 13:27:08.909 [main] INFO  c.u.bookstore.chain.DiscountApprovalService - Processing discount request:
2025-10-12 13:27:08.909 [main] INFO  c.u.bookstore.chain.DiscountApprovalService - Material: Test EBook
2025-10-12 13:27:08.909 [main] INFO  c.u.bookstore.chain.DiscountApprovalService - Requested discount: 50.0%
2025-10-12 13:27:08.909 [main] INFO  c.u.bookstore.chain.DiscountApprovalService - Customer: C004
2025-10-12 13:27:08.909 [main] INFO  c.u.bookstore.chain.DiscountApprovalService - Reason: Too high discount
2025-10-12 13:27:08.909 [main] INFO  c.u.bookstore.chain.DiscountApprovalService - ---
2025-10-12 13:27:08.909 [main] INFO  com.university.bookstore.chain.ManagerHandler - Manager cannot approve discount > 15.0%. Passing to Director.
2025-10-12 13:27:08.909 [main] INFO  com.university.bookstore.chain.DirectorHandler - Director cannot approve discount > 25.0%. Passing to VP.
2025-10-12 13:27:08.909 [main] INFO  com.university.bookstore.chain.VPHandler - VP rejected discount > 40.0%
2025-10-12 13:27:08.909 [main] INFO  c.u.bookstore.chain.DiscountApprovalService - [X] REJECTED: Discount too high - exceeds VP approval limit
2025-10-12 13:27:08.917 [main] INFO  c.university.bookstore.observer.InventoryObserver - Inventory updated: 9781111111111 count: 1
2025-10-12 13:27:08.917 [main] INFO  c.university.bookstore.observer.InventoryObserver - Inventory updated: 9782222222222 count: 1
2025-10-12 13:27:08.918 [main] INFO  c.university.bookstore.observer.InventoryObserver - Inventory updated: 9781234567890 count: 1
2025-10-12 13:27:08.918 [main] INFO  c.university.bookstore.observer.InventoryObserver - Inventory updated: 9781234567890 count: 1
2025-10-12 13:27:08.918 [main] INFO  c.university.bookstore.observer.InventoryObserver - Inventory updated: 9781234567890 count: 1
2025-10-12 13:27:08.919 [main] INFO  c.university.bookstore.observer.InventoryObserver - Price changed for Test Book: $29.99 -> $34.99
2025-10-12 13:27:08.919 [main] INFO  c.university.bookstore.observer.InventoryObserver - Price changed for Test Book: $29.99 -> $34.99
2025-10-12 13:27:08.919 [main] INFO  c.university.bookstore.observer.InventoryObserver - Price changed for Test Book: $34.99 -> $39.99
2025-10-12 13:27:08.919 [main] INFO  c.university.bookstore.observer.InventoryObserver - Inventory updated: 9781234567890 count: 1
2025-10-12 13:27:08.919 [main] INFO  c.university.bookstore.observer.InventoryObserver - Price changed for Test Book: $29.99 -> $39.99
2025-10-12 13:27:08.920 [main] INFO  c.university.bookstore.observer.InventoryObserver - Inventory updated: 9781111111111 count: 1
2025-10-12 13:27:08.920 [main] INFO  c.university.bookstore.observer.InventoryObserver - Inventory updated: 9781111111111 count: 1
2025-10-12 13:27:08.921 [main] INFO  c.university.bookstore.observer.InventoryObserver - Inventory updated: E001 count: 1
2025-10-12 13:27:08.921 [main] INFO  c.university.bookstore.observer.InventoryObserver - Inventory updated: 9781234567890 count: 1
2025-10-12 13:27:08.921 [main] INFO  c.university.bookstore.observer.InventoryObserver - Inventory updated: 9781234567890 count: 1
2025-10-12 13:27:08.922 [main] INFO  c.university.bookstore.observer.InventoryObserver - Inventory updated: 9780000000000 count: 1
2025-10-12 13:27:08.922 [main] INFO  c.university.bookstore.observer.InventoryObserver - Inventory updated: 9780000000001 count: 1
2025-10-12 13:27:08.922 [main] INFO  c.university.bookstore.observer.InventoryObserver - Inventory updated: 9780000000002 count: 1
2025-10-12 13:27:08.922 [main] INFO  c.university.bookstore.observer.InventoryObserver - Inventory updated: 9780000000003 count: 1
2025-10-12 13:27:08.922 [main] INFO  c.university.bookstore.observer.InventoryObserver - Inventory updated: 9780000000004 count: 1
2025-10-12 13:27:08.922 [main] INFO  c.university.bookstore.observer.InventoryObserver - Inventory updated: 9781111111111 count: 1
2025-10-12 13:27:08.922 [main] INFO  c.university.bookstore.observer.InventoryObserver - Inventory updated: 9782222222222 count: 1
2025-10-12 13:27:08.922 [main] INFO  c.university.bookstore.observer.InventoryObserver - Inventory updated: 9781111111111 count: 1
2025-10-12 13:27:08.922 [main] INFO  c.university.bookstore.observer.InventoryObserver - Inventory updated: 9782222222222 count: 1
2025-10-12 13:27:09.342 [main] INFO  c.u.bookstore.controller.MaterialControllerTest - Starting MaterialControllerTest using Java 24.0.2 with PID 73570 (started by navid in /Users/navid/Downloads/lab4_codes)
2025-10-12 13:27:09.342 [main] INFO  c.u.bookstore.controller.MaterialControllerTest - No active profile set, falling back to 1 default profile: "default"
2025-10-12 13:27:10.054 [main] INFO  o.s.b.test.mock.web.SpringBootMockServletContext - Initializing Spring TestDispatcherServlet ''
2025-10-12 13:27:10.055 [main] INFO  o.s.test.web.servlet.TestDispatcherServlet - Initializing Servlet ''
2025-10-12 13:27:10.055 [main] INFO  o.s.test.web.servlet.TestDispatcherServlet - Completed initialization in 0 ms
2025-10-12 13:27:10.066 [main] INFO  c.u.bookstore.controller.MaterialControllerTest - Started MaterialControllerTest in 0.944 seconds (process running for 2.83)
2025-11-01 17:31:43.807 [main] INFO  c.u.bookstore.controller.MaterialControllerTest - Starting MaterialControllerTest using Java 24 with PID 24776 (started by danie in C:\Users\danie\IdeaProjects\Polymorphic-Bookstore-Management-System-With-Spring-REST-HTTP-APIs)
2025-11-01 17:31:43.813 [main] INFO  c.u.bookstore.controller.MaterialControllerTest - No active profile set, falling back to 1 default profile: "default"
2025-11-01 17:31:46.117 [main] INFO  o.s.b.test.mock.web.SpringBootMockServletContext - Initializing Spring TestDispatcherServlet ''
2025-11-01 17:31:46.118 [main] INFO  o.s.test.web.servlet.TestDispatcherServlet - Initializing Servlet ''
2025-11-01 17:31:46.119 [main] INFO  o.s.test.web.servlet.TestDispatcherServlet - Completed initialization in 1 ms
2025-11-01 17:31:46.152 [main] INFO  c.u.bookstore.controller.MaterialControllerTest - Started MaterialControllerTest in 3.276 seconds (process running for 8.095)
2025-11-01 17:31:48.829 [main] INFO  c.university.bookstore.observer.InventoryObserver - Inventory updated: 9781111111111 count: 1
2025-11-01 17:31:48.833 [main] INFO  c.university.bookstore.observer.InventoryObserver - Inventory updated: 9782222222222 count: 1
2025-11-01 17:31:48.837 [main] INFO  c.university.bookstore.observer.InventoryObserver - Inventory updated: 9781234567890 count: 1
2025-11-01 17:31:48.839 [main] INFO  c.university.bookstore.observer.InventoryObserver - Inventory updated: 9781234567890 count: 1
2025-11-01 17:31:48.844 [main] INFO  c.university.bookstore.observer.InventoryObserver - Inventory updated: 9781234567890 count: 1
2025-11-01 17:31:48.844 [main] INFO  c.university.bookstore.observer.InventoryObserver - Price changed for Test Book: $29.99 -> $34.99
2025-11-01 17:31:48.846 [main] INFO  c.university.bookstore.observer.InventoryObserver - Price changed for Test Book: $29.99 -> $34.99
2025-11-01 17:31:48.847 [main] INFO  c.university.bookstore.observer.InventoryObserver - Price changed for Test Book: $34.99 -> $39.99
2025-11-01 17:31:48.849 [main] INFO  c.university.bookstore.observer.InventoryObserver - Inventory updated: 9781234567890 count: 1
2025-11-01 17:31:48.851 [main] INFO  c.university.bookstore.observer.InventoryObserver - Price changed for Test Book: $29.99 -> $39.99
2025-11-01 17:31:48.856 [main] INFO  c.university.bookstore.observer.InventoryObserver - Inventory updated: 9781111111111 count: 1
2025-11-01 17:31:48.861 [main] INFO  c.university.bookstore.observer.InventoryObserver - Inventory updated: 9781111111111 count: 1
2025-11-01 17:31:48.861 [main] INFO  c.university.bookstore.observer.InventoryObserver - Inventory updated: E001 count: 1
2025-11-01 17:31:48.866 [main] INFO  c.university.bookstore.observer.InventoryObserver - Inventory updated: 9781234567890 count: 1
2025-11-01 17:31:48.868 [main] INFO  c.university.bookstore.observer.InventoryObserver - Inventory updated: 9781234567890 count: 1
2025-11-01 17:31:48.871 [main] INFO  c.university.bookstore.observer.InventoryObserver - Inventory updated: 9780000000000 count: 1
2025-11-01 17:31:48.871 [main] INFO  c.university.bookstore.observer.InventoryObserver - Inventory updated: 9780000000001 count: 1
2025-11-01 17:31:48.872 [main] INFO  c.university.bookstore.observer.InventoryObserver - Inventory updated: 9780000000002 count: 1
2025-11-01 17:31:48.872 [main] INFO  c.university.bookstore.observer.InventoryObserver - Inventory updated: 9780000000003 count: 1
2025-11-01 17:31:48.872 [main] INFO  c.university.bookstore.observer.InventoryObserver - Inventory updated: 9780000000004 count: 1
2025-11-01 17:31:48.874 [main] INFO  c.university.bookstore.observer.InventoryObserver - Inventory updated: 9781111111111 count: 1
2025-11-01 17:31:48.874 [main] INFO  c.university.bookstore.observer.InventoryObserver - Inventory updated: 9782222222222 count: 1
2025-11-01 17:31:48.876 [main] INFO  c.university.bookstore.observer.InventoryObserver - Inventory updated: 9781111111111 count: 1
2025-11-01 17:31:48.876 [main] INFO  c.university.bookstore.observer.InventoryObserver - Inventory updated: 9782222222222 count: 1
2025-11-01 17:32:12.651 [main] INFO  c.u.bookstore.chain.DiscountApprovalService - Processing discount request:
2025-11-01 17:32:12.652 [main] INFO  c.u.bookstore.chain.DiscountApprovalService - Material: Java Guide
2025-11-01 17:32:12.652 [main] INFO  c.u.bookstore.chain.DiscountApprovalService - Requested discount: 0.1%
2025-11-01 17:32:12.652 [main] INFO  c.u.bookstore.chain.DiscountApprovalService - Customer: C001
2025-11-01 17:32:12.652 [main] INFO  c.u.bookstore.chain.DiscountApprovalService - Reason: Student discount
2025-11-01 17:32:12.652 [main] INFO  c.u.bookstore.chain.DiscountApprovalService - ---
2025-11-01 17:32:12.652 [main] INFO  com.university.bookstore.chain.ManagerHandler - Manager approved 0.1% discount for Java Guide
2025-11-01 17:32:12.652 [main] INFO  c.u.bookstore.chain.DiscountApprovalService - // [OK] APPROVED by Manager
2025-11-01 17:32:12.652 [main] INFO  c.u.bookstore.chain.DiscountApprovalService - Final price: $35.94
2025-11-01 17:32:12.652 [main] INFO  c.u.bookstore.chain.DiscountApprovalService - Savings: $0.04
2025-11-01 17:32:12.655 [main] INFO  c.university.bookstore.observer.InventoryObserver - Inventory updated: E001 count: 1
2025-11-01 17:32:12.656 [main] INFO  c.university.bookstore.observer.InventoryObserver - Price changed for Test EBook: $29.99 -> $24.99
2025-11-01 17:32:12.659 [main] INFO  c.u.bookstore.chain.DiscountApprovalService - Processing discount request:
2025-11-01 17:32:12.659 [main] INFO  c.u.bookstore.chain.DiscountApprovalService - Material: Test EBook
2025-11-01 17:32:12.659 [main] INFO  c.u.bookstore.chain.DiscountApprovalService - Requested discount: 10.0%
2025-11-01 17:32:12.659 [main] INFO  c.u.bookstore.chain.DiscountApprovalService - Customer: C001
2025-11-01 17:32:12.659 [main] INFO  c.u.bookstore.chain.DiscountApprovalService - Reason: Student discount
2025-11-01 17:32:12.659 [main] INFO  c.u.bookstore.chain.DiscountApprovalService - ---
2025-11-01 17:32:12.659 [main] INFO  com.university.bookstore.chain.ManagerHandler - Manager approved 10.0% discount for Test EBook
2025-11-01 17:32:12.659 [main] INFO  c.u.bookstore.chain.DiscountApprovalService - // [OK] APPROVED by Manager
2025-11-01 17:32:12.660 [main] INFO  c.u.bookstore.chain.DiscountApprovalService - Final price: $90.00
2025-11-01 17:32:12.660 [main] INFO  c.u.bookstore.chain.DiscountApprovalService - Savings: $10.00
2025-11-01 17:32:12.660 [main] INFO  c.u.bookstore.chain.DiscountApprovalService - Processing discount request:
2025-11-01 17:32:12.660 [main] INFO  c.u.bookstore.chain.DiscountApprovalService - Material: Test EBook
2025-11-01 17:32:12.660 [main] INFO  c.u.bookstore.chain.DiscountApprovalService - Requested discount: 20.0%
2025-11-01 17:32:12.660 [main] INFO  c.u.bookstore.chain.DiscountApprovalService - Customer: C002
2025-11-01 17:32:12.660 [main] INFO  c.u.bookstore.chain.DiscountApprovalService - Reason: Bulk purchase
2025-11-01 17:32:12.660 [main] INFO  c.u.bookstore.chain.DiscountApprovalService - ---
2025-11-01 17:32:12.660 [main] INFO  com.university.bookstore.chain.ManagerHandler - Manager cannot approve discount > 15.0%. Passing to Director.
2025-11-01 17:32:12.660 [main] INFO  com.university.bookstore.chain.DirectorHandler - Director approved 20.0% discount for Test EBook
2025-11-01 17:32:12.660 [main] INFO  c.u.bookstore.chain.DiscountApprovalService - // [OK] APPROVED by Director
2025-11-01 17:32:12.660 [main] INFO  c.u.bookstore.chain.DiscountApprovalService - Final price: $80.00
2025-11-01 17:32:12.660 [main] INFO  c.u.bookstore.chain.DiscountApprovalService - Savings: $20.00
2025-11-01 17:32:12.661 [main] INFO  c.u.bookstore.chain.DiscountApprovalService - Processing discount request:
2025-11-01 17:32:12.661 [main] INFO  c.u.bookstore.chain.DiscountApprovalService - Material: Test EBook
2025-11-01 17:32:12.661 [main] INFO  c.u.bookstore.chain.DiscountApprovalService - Requested discount: 35.0%
2025-11-01 17:32:12.661 [main] INFO  c.u.bookstore.chain.DiscountApprovalService - Customer: C003
2025-11-01 17:32:12.661 [main] INFO  c.u.bookstore.chain.DiscountApprovalService - Reason: Special promotion
2025-11-01 17:32:12.661 [main] INFO  c.u.bookstore.chain.DiscountApprovalService - ---
2025-11-01 17:32:12.661 [main] INFO  com.university.bookstore.chain.ManagerHandler - Manager cannot approve discount > 15.0%. Passing to Director.
2025-11-01 17:32:12.661 [main] INFO  com.university.bookstore.chain.DirectorHandler - Director cannot approve discount > 25.0%. Passing to VP.
2025-11-01 17:32:12.661 [main] INFO  com.university.bookstore.chain.VPHandler - VP approved 35.0% discount for Test EBook
2025-11-01 17:32:12.661 [main] INFO  c.u.bookstore.chain.DiscountApprovalService - // [OK] APPROVED by VP
2025-11-01 17:32:12.661 [main] INFO  c.u.bookstore.chain.DiscountApprovalService - Final price: $65.00
2025-11-01 17:32:12.661 [main] INFO  c.u.bookstore.chain.DiscountApprovalService - Savings: $35.00
2025-11-01 17:32:12.661 [main] INFO  c.u.bookstore.chain.DiscountApprovalService - Processing discount request:
2025-11-01 17:32:12.661 [main] INFO  c.u.bookstore.chain.DiscountApprovalService - Material: Test EBook
2025-11-01 17:32:12.661 [main] INFO  c.u.bookstore.chain.DiscountApprovalService - Requested discount: 50.0%
2025-11-01 17:32:12.661 [main] INFO  c.u.bookstore.chain.DiscountApprovalService - Customer: C004
2025-11-01 17:32:12.661 [main] INFO  c.u.bookstore.chain.DiscountApprovalService - Reason: Too high discount
2025-11-01 17:32:12.661 [main] INFO  c.u.bookstore.chain.DiscountApprovalService - ---
2025-11-01 17:32:12.661 [main] INFO  com.university.bookstore.chain.ManagerHandler - Manager cannot approve discount > 15.0%. Passing to Director.
2025-11-01 17:32:12.661 [main] INFO  com.university.bookstore.chain.DirectorHandler - Director cannot approve discount > 25.0%. Passing to VP.
2025-11-01 17:32:12.661 [main] INFO  com.university.bookstore.chain.VPHandler - VP rejected discount > 40.0%
2025-11-01 17:32:12.661 [main] INFO  c.u.bookstore.chain.DiscountApprovalService - [X] REJECTED: Discount too high - exceeds VP approval limit
2025-11-01 17:32:13.113 [main] INFO  c.u.b.repository.ModernJsonMaterialRepository - Created new data file: C:\Users\danie\AppData\Local\Temp\junit-15124740627369164291\data\modern_test_materials_410707748378300.json
2025-11-01 17:32:13.114 [main] INFO  c.u.b.repository.ModernJsonMaterialRepository - Repository closed
2025-11-01 17:32:13.122 [main] INFO  c.u.b.repository.ModernJsonMaterialRepository - Created directory: C:\Users\danie\AppData\Local\Temp\junit-15124740627369164291\data
2025-11-01 17:32:13.124 [main] INFO  c.u.b.repository.ModernJsonMaterialRepository - Created new data file: C:\Users\danie\AppData\Local\Temp\junit-15124740627369164291\data\modern_test_materials_410707760279600.json
2025-11-01 17:32:13.139 [main] DEBUG c.u.b.repository.ModernJsonMaterialRepository - Saved material: 9781111111111
2025-11-01 17:32:13.145 [main] INFO  c.u.b.repository.ModernJsonMaterialRepository - Repository closed
2025-11-01 17:32:13.154 [main] INFO  c.u.b.repository.ModernJsonMaterialRepository - Created new data file: C:\Users\danie\AppData\Local\Temp\junit-15124740627369164291\data\modern_test_materials_410707790065800.json
2025-11-01 17:32:13.154 [main] INFO  c.u.b.repository.ModernJsonMaterialRepository - Repository closed
2025-11-01 17:32:13.164 [main] INFO  c.u.b.repository.ModernJsonMaterialRepository - Created new data file: C:\Users\danie\AppData\Local\Temp\junit-15124740627369164291\data\modern_test_materials_410707800839500.json
2025-11-01 17:32:13.174 [main] DEBUG c.u.b.repository.ModernJsonMaterialRepository - Saved material: 9781234567890
2025-11-01 17:32:13.184 [main] INFO  c.u.b.repository.ModernJsonMaterialRepository - Repository closed
2025-11-01 17:32:13.193 [main] INFO  c.u.b.repository.ModernJsonMaterialRepository - Created new data file: C:\Users\danie\AppData\Local\Temp\junit-15124740627369164291\data\modern_test_materials_410707830416000.json
2025-11-01 17:32:13.197 [main] INFO  c.u.b.repository.ModernJsonMaterialRepository - Repository closed
2025-11-01 17:32:13.203 [main] INFO  c.u.b.repository.ModernJsonMaterialRepository - Created new data file: C:\Users\danie\AppData\Local\Temp\junit-15124740627369164291\data\modern_test_materials_410707841424900.json
2025-11-01 17:32:13.210 [main] DEBUG c.u.b.repository.ModernJsonMaterialRepository - Saved material: 9781234567890
2025-11-01 17:32:13.216 [main] DEBUG c.u.b.repository.ModernJsonMaterialRepository - Saved material: 9781234567891
2025-11-01 17:32:13.218 [main] INFO  c.u.b.repository.ModernJsonMaterialRepository - Repository closed
2025-11-01 17:32:13.225 [main] INFO  c.u.b.repository.ModernJsonMaterialRepository - Created new data file: C:\Users\danie\AppData\Local\Temp\junit-15124740627369164291\data\modern_test_materials_410707863615100.json
2025-11-01 17:32:13.236 [main] DEBUG c.u.b.repository.ModernJsonMaterialRepository - Saved material: 9781111111111
2025-11-01 17:32:13.246 [main] DEBUG c.u.b.repository.ModernJsonMaterialRepository - Saved material: 9782222222222
2025-11-01 17:32:13.248 [main] INFO  c.u.b.repository.ModernJsonMaterialRepository - Repository closed
2025-11-01 17:32:13.256 [main] INFO  c.u.b.repository.ModernJsonMaterialRepository - Created new data file: C:\Users\danie\AppData\Local\Temp\junit-15124740627369164291\data\modern_test_materials_410707894509600.json
2025-11-01 17:32:13.263 [main] DEBUG c.u.b.repository.ModernJsonMaterialRepository - Saved material: 9781234567890
2025-11-01 17:32:13.263 [main] INFO  c.u.b.repository.ModernJsonMaterialRepository - Repository closed
2025-11-01 17:32:13.272 [main] INFO  c.u.b.repository.ModernJsonMaterialRepository - Created new data file: C:\Users\danie\AppData\Local\Temp\junit-15124740627369164291\data\modern_test_materials_410707910068600.json
2025-11-01 17:32:13.281 [main] DEBUG c.u.b.repository.ModernJsonMaterialRepository - Saved material: 9781111111111
2025-11-01 17:32:13.292 [main] DEBUG c.u.b.repository.ModernJsonMaterialRepository - Saved material: 9782222222222
2025-11-01 17:32:13.294 [main] INFO  c.u.b.repository.ModernJsonMaterialRepository - Repository closed
2025-11-01 17:32:13.305 [main] INFO  c.u.b.repository.ModernJsonMaterialRepository - Created new data file: C:\Users\danie\AppData\Local\Temp\junit-15124740627369164291\data\modern_test_materials_410707939951900.json
2025-11-01 17:32:13.317 [main] DEBUG c.u.b.repository.ModernJsonMaterialRepository - Saved material: 9781234567890
2025-11-01 17:32:13.329 [main] DEBUG c.u.b.repository.ModernJsonMaterialRepository - Saved material: E001
2025-11-01 17:32:13.338 [main] INFO  c.u.b.repository.ModernJsonMaterialRepository - Repository closed
2025-11-01 17:32:13.347 [main] INFO  c.u.b.repository.ModernJsonMaterialRepository - Created new data file: C:\Users\danie\AppData\Local\Temp\junit-15124740627369164291\data\modern_test_materials_410707983069700.json
2025-11-01 17:32:13.355 [main] DEBUG c.u.b.repository.ModernJsonMaterialRepository - Saved material: 9781234567890
2025-11-01 17:32:13.355 [main] INFO  c.u.b.repository.ModernJsonMaterialRepository - Repository closed
2025-11-01 17:32:13.364 [main] INFO  c.u.b.repository.ModernJsonMaterialRepository - Created new data file: C:\Users\danie\AppData\Local\Temp\junit-15124740627369164291\data\modern_test_materials_410708000231000.json
2025-11-01 17:32:13.371 [main] DEBUG c.u.b.repository.ModernJsonMaterialRepository - Saved material: 9781111111111
2025-11-01 17:32:13.378 [main] DEBUG c.u.b.repository.ModernJsonMaterialRepository - Saved material: 9782222222222
2025-11-01 17:32:13.382 [main] INFO  c.u.b.repository.ModernJsonMaterialRepository - Cleared all materials from repository
2025-11-01 17:32:13.384 [main] INFO  c.u.b.repository.ModernJsonMaterialRepository - Repository closed
2025-11-01 17:32:13.391 [main] INFO  c.u.b.repository.ModernJsonMaterialRepository - Created new data file: C:\Users\danie\AppData\Local\Temp\junit-15124740627369164291\data\modern_test_materials_410708029088000.json
2025-11-01 17:32:13.392 [main] INFO  c.u.b.repository.ModernJsonMaterialRepository - Repository closed
2025-11-01 17:32:13.399 [main] INFO  c.u.b.repository.ModernJsonMaterialRepository - Created new data file: C:\Users\danie\AppData\Local\Temp\junit-15124740627369164291\data\modern_test_materials_410708036468700.json
2025-11-01 17:32:13.399 [main] INFO  c.u.b.repository.ModernJsonMaterialRepository - Repository closed
2025-11-01 17:32:13.405 [main] INFO  c.u.b.repository.ModernJsonMaterialRepository - Created new data file: C:\Users\danie\AppData\Local\Temp\junit-15124740627369164291\data\modern_test_materials_410708043697100.json
2025-11-01 17:32:13.406 [main] INFO  c.u.b.repository.ModernJsonMaterialRepository - Repository closed
2025-11-01 17:32:13.415 [main] INFO  c.u.b.repository.ModernJsonMaterialRepository - Created new data file: C:\Users\danie\AppData\Local\Temp\junit-15124740627369164291\data\modern_test_materials_410708051228500.json
2025-11-01 17:32:13.421 [main] DEBUG c.u.b.repository.ModernJsonMaterialRepository - Saved material: 9781234567890
2025-11-01 17:32:13.428 [main] DEBUG c.u.b.repository.ModernJsonMaterialRepository - Saved material: 9781234567890
2025-11-01 17:32:13.429 [main] INFO  c.u.b.repository.ModernJsonMaterialRepository - Repository closed
2025-11-01 17:32:13.436 [main] INFO  c.u.b.repository.ModernJsonMaterialRepository - Created new data file: C:\Users\danie\AppData\Local\Temp\junit-15124740627369164291\data\modern_test_materials_410708074391700.json
2025-11-01 17:32:13.443 [main] DEBUG c.u.b.repository.ModernJsonMaterialRepository - Saved material: 9781234567890
2025-11-01 17:32:13.450 [main] DEBUG c.u.b.repository.ModernJsonMaterialRepository - Deleted material: 9781234567890
2025-11-01 17:32:13.451 [main] INFO  c.u.b.repository.ModernJsonMaterialRepository - Repository closed
2025-11-01 17:32:13.458 [main] INFO  c.u.b.repository.ModernJsonMaterialRepository - Created new data file: C:\Users\danie\AppData\Local\Temp\junit-15124740627369164291\data\modern_test_materials_410708096140700.json
2025-11-01 17:32:13.466 [main] DEBUG c.u.b.repository.ModernJsonMaterialRepository - Saved material: 9781234567890
2025-11-01 17:32:13.469 [main] INFO  c.u.b.repository.ModernJsonMaterialRepository - Repository closed
2025-11-01 17:32:13.477 [main] INFO  c.u.b.repository.ModernJsonMaterialRepository - Created new data file: C:\Users\danie\AppData\Local\Temp\junit-15124740627369164291\data\modern_test_materials_410708115263800.json
2025-11-01 17:32:13.478 [main] INFO  c.u.b.repository.ModernJsonMaterialRepository - Repository closed
2025-11-01 17:32:13.485 [main] INFO  c.u.b.repository.ModernJsonMaterialRepository - Created new data file: C:\Users\danie\AppData\Local\Temp\junit-15124740627369164291\data\modern_test_materials_410708122843300.json
2025-11-01 17:32:13.492 [main] DEBUG c.u.b.repository.ModernJsonMaterialRepository - Saved material: 9781234567890
2025-11-01 17:32:13.498 [main] DEBUG c.u.b.repository.ModernJsonMaterialRepository - Saved material: 9781234567891
2025-11-01 17:32:13.503 [main] INFO  c.u.b.repository.ModernJsonMaterialRepository - Repository closed
2025-11-01 17:32:13.511 [main] INFO  c.u.b.repository.ModernJsonMaterialRepository - Created new data file: C:\Users\danie\AppData\Local\Temp\junit-15124740627369164291\data\modern_test_materials_410708148682200.json
2025-11-01 17:32:13.517 [main] DEBUG c.u.b.repository.ModernJsonMaterialRepository - Saved material: 9781234567890
2025-11-01 17:32:13.520 [main] INFO  c.u.b.repository.ModernJsonMaterialRepository - Repository closed
2025-11-01 17:32:13.526 [main] INFO  c.u.b.repository.ModernJsonMaterialRepository - Created new data file: C:\Users\danie\AppData\Local\Temp\junit-15124740627369164291\data\modern_test_materials_410708164605300.json
2025-11-01 17:32:13.527 [main] INFO  c.u.b.repository.ModernJsonMaterialRepository - Repository closed
2025-11-01 17:32:13.534 [main] INFO  c.u.b.repository.ModernJsonMaterialRepository - Created new data file: C:\Users\danie\AppData\Local\Temp\junit-15124740627369164291\data\modern_test_materials_410708171966200.json
2025-11-01 17:32:13.534 [main] INFO  c.u.b.repository.ModernJsonMaterialRepository - Repository closed
2025-11-01 17:32:13.541 [main] INFO  c.u.b.repository.ModernJsonMaterialRepository - Created new data file: C:\Users\danie\AppData\Local\Temp\junit-15124740627369164291\data\modern_test_materials_410708179458400.json
2025-11-01 17:32:13.546 [main] INFO  c.u.b.repository.ModernJsonMaterialRepository - Created new data file: C:\Users\danie\AppData\Local\Temp\junit-15124740627369164291\data\empty_modern.json
2025-11-01 17:32:13.549 [main] INFO  c.u.b.repository.ModernJsonMaterialRepository - Repository closed
2025-11-01 17:32:13.549 [main] INFO  c.u.b.repository.ModernJsonMaterialRepository - Repository closed
2025-11-01 17:32:13.550 [main] INFO  c.u.b.repository.ModernJsonMaterialRepository - Created new data file: C:\Users\danie\AppData\Local\Temp\junit-15124740627369164291\data\modern_test_materials_410708194479700.json
2025-11-01 17:32:13.687 [main] DEBUG c.u.b.repository.ModernJsonMaterialRepository - Saved material: 9781234567890
2025-11-01 17:32:13.687 [main] INFO  c.u.b.repository.ModernJsonMaterialRepository - Repository closed
2025-11-01 17:39:01.744 [main] INFO  com.university.bookstore.BookstoreApplication - Starting BookstoreApplication using Java 24 with PID 14736 (C:\Users\danie\IdeaProjects\Polymorphic-Bookstore-Management-System-With-Spring-REST-HTTP-APIs\target\classes started by danie in C:\Users\danie\IdeaProjects\Polymorphic-Bookstore-Management-System-With-Spring-REST-HTTP-APIs)
2025-11-01 17:39:01.748 [main] INFO  com.university.bookstore.BookstoreApplication - No active profile set, falling back to 1 default profile: "default"
2025-11-01 17:39:02.775 [main] INFO  o.s.boot.web.embedded.tomcat.TomcatWebServer - Tomcat initialized with port 8080 (http)
2025-11-01 17:39:02.785 [main] INFO  org.apache.coyote.http11.Http11NioProtocol - Initializing ProtocolHandler ["http-nio-8080"]
2025-11-01 17:39:02.790 [main] INFO  org.apache.catalina.core.StandardService - Starting service [Tomcat]
2025-11-01 17:39:02.791 [main] INFO  org.apache.catalina.core.StandardEngine - Starting Servlet engine: [Apache Tomcat/10.1.16]
2025-11-01 17:39:02.862 [main] INFO  o.a.c.core.ContainerBase.[Tomcat].[localhost].[/] - Initializing Spring embedded WebApplicationContext
2025-11-01 17:39:02.863 [main] INFO  o.s.b.w.s.c.ServletWebServerApplicationContext - Root WebApplicationContext: initialization completed in 1040 ms
2025-11-01 17:39:03.207 [main] INFO  org.apache.coyote.http11.Http11NioProtocol - Starting ProtocolHandler ["http-nio-8080"]
2025-11-01 17:39:03.234 [main] INFO  o.s.boot.web.embedded.tomcat.TomcatWebServer - Tomcat started on port 8080 (http) with context path ''
2025-11-01 17:39:03.240 [main] INFO  com.university.bookstore.BookstoreApplication - Started BookstoreApplication in 1.956 seconds (process running for 2.552)
